<?xml version="1.0" encoding="utf-8"?><testsuites name="pytest tests"><testsuite name="pytest" errors="0" failures="0" skipped="0" tests="51" time="13.934" timestamp="2026-04-07T21:35:42.384052+00:00" hostname="agent-env-37396872-6cd9-49f0-b675-93d2b43162ed"><testcase classname="backend.tests.test_onyx_services.TestImports" name="test_pyside6_import" time="0.048" /><testcase classname="backend.tests.test_onyx_services.TestImports" name="test_emergentintegrations_import" time="6.340" /><testcase classname="backend.tests.test_onyx_services.TestImports" name="test_pyttsx3_import" time="0.001" /><testcase classname="backend.tests.test_onyx_services.TestImports" name="test_whisper_import" time="5.039" /><testcase classname="backend.tests.test_onyx_services.TestImports" name="test_torch_import" time="0.000" /><testcase classname="backend.tests.test_onyx_services.TestImports" name="test_pyaudio_import" time="0.010" /><testcase classname="backend.tests.test_onyx_services.TestImports" name="test_dotenv_import" time="0.000" /><testcase classname="backend.tests.test_onyx_services.TestStorageService" name="test_storage_init_creates_directories" time="0.017" /><testcase classname="backend.tests.test_onyx_services.TestStorageService" name="test_storage_init_creates_database" time="0.008" /><testcase classname="backend.tests.test_onyx_services.TestStorageService" name="test_storage_init_creates_personality_file" time="0.007" /><testcase classname="backend.tests.test_onyx_services.TestStorageService" name="test_create_chat_returns_id" time="0.010" /><testcase classname="backend.tests.test_onyx_services.TestStorageService" name="test_create_chat_persists" time="0.009" /><testcase classname="backend.tests.test_onyx_services.TestStorageService" name="test_add_message_and_retrieve" time="0.014" /><testcase classname="backend.tests.test_onyx_services.TestStorageService" name="test_get_chat_messages_empty_chat" time="0.009" /><testcase classname="backend.tests.test_onyx_services.TestStorageService" name="test_delete_chat_removes_chat" time="0.012" /><testcase classname="backend.tests.test_onyx_services.TestStorageService" name="test_delete_chat_removes_messages" time="0.014" /><testcase classname="backend.tests.test_onyx_services.TestStorageService" name="test_get_personality_returns_content" time="0.006" /><testcase classname="backend.tests.test_onyx_services.TestChatService" name="test_chat_service_init_with_empty_key" time="0.001" /><testcase classname="backend.tests.test_onyx_services.TestChatService" name="test_chat_service_warns_on_missing_key" time="0.001" /><testcase classname="backend.tests.test_onyx_services.TestChatService" name="test_chat_service_uses_claude_opus_4_6" time="0.000" /><testcase classname="backend.tests.test_onyx_services.TestChatService" name="test_send_message_returns_error_when_no_key" time="0.025" /><testcase classname="backend.tests.test_onyx_services.TestTTSService" name="test_tts_available_property" time="0.028" /><testcase classname="backend.tests.test_onyx_services.TestTTSService" name="test_tts_enabled_default_false" time="0.004" /><testcase classname="backend.tests.test_onyx_services.TestTTSService" name="test_tts_enabled_toggle_on" time="0.004" /><testcase classname="backend.tests.test_onyx_services.TestTTSService" name="test_tts_enabled_toggle_off" time="0.004" /><testcase classname="backend.tests.test_onyx_services.TestTTSService" name="test_tts_speak_no_crash_when_disabled" time="0.004" /><testcase classname="backend.tests.test_onyx_services.TestTTSService" name="test_tts_speak_no_crash_when_enabled" time="0.104" /><testcase classname="backend.tests.test_onyx_services.TestTTSService" name="test_tts_set_rate" time="0.005" /><testcase classname="backend.tests.test_onyx_services.TestTTSService" name="test_tts_set_volume" time="0.004" /><testcase classname="backend.tests.test_onyx_services.TestVoiceService" name="test_voice_service_init" time="0.848" /><testcase classname="backend.tests.test_onyx_services.TestVoiceService" name="test_voice_service_has_whisper_model" time="1.255" /><testcase classname="backend.tests.test_onyx_services.TestVoiceService" name="test_no_pvporcupine_in_voice_service" time="0.002" /><testcase classname="backend.tests.test_onyx_services.TestChatWidgetCode" name="test_chat_widget_has_tts_toggle" time="0.005" /><testcase classname="backend.tests.test_onyx_services.TestChatWidgetCode" name="test_chat_widget_speak_true_on_new_response" time="0.000" /><testcase classname="backend.tests.test_onyx_services.TestChatWidgetCode" name="test_chat_widget_speak_false_on_history_load" time="0.000" /><testcase classname="backend.tests.test_onyx_services.TestSetupScript" name="test_setup_uses_python_venv" time="0.002" /><testcase classname="backend.tests.test_onyx_services.TestSetupScript" name="test_setup_installs_emergentintegrations_with_extra_index" time="0.000" /><testcase classname="backend.tests.test_onyx_services.TestSetupScript" name="test_setup_installs_requirements" time="0.000" /><testcase classname="backend.tests.test_onyx_services.TestSetupScript" name="test_setup_creates_launcher_with_venv_activation" time="0.000" /><testcase classname="backend.tests.test_onyx_services.TestSetupScript" name="test_setup_bash_syntax_valid" time="0.005" /><testcase classname="backend.tests.test_onyx_services.TestDirectoryStructure" name="test_onyx_base_directory_exists" time="0.000" /><testcase classname="backend.tests.test_onyx_services.TestDirectoryStructure" name="test_onyx_history_directory_exists" time="0.000" /><testcase classname="backend.tests.test_onyx_services.TestDirectoryStructure" name="test_onyx_config_directory_exists" time="0.000" /><testcase classname="backend.tests.test_onyx_services.TestDirectoryStructure" name="test_onyx_voice_directory_exists" time="0.002" /><testcase classname="backend.tests.test_onyx_services.TestDirectoryStructure" name="test_onyx_logs_directory_exists" time="0.000" /><testcase classname="backend.tests.test_onyx_services.TestDirectoryStructure" name="test_personality_file_exists" time="0.000" /><testcase classname="backend.tests.test_onyx_services.TestEnvAndSecurity" name="test_env_file_exists" time="0.000" /><testcase classname="backend.tests.test_onyx_services.TestEnvAndSecurity" name="test_env_has_claude_api_key_variable" time="0.000" /><testcase classname="backend.tests.test_onyx_services.TestEnvAndSecurity" name="test_no_dummy_keys_in_code" time="0.013" /><testcase classname="backend.tests.test_onyx_services.TestCodeQuality" name="test_no_pvporcupine_anywhere" time="0.001" /><testcase classname="backend.tests.test_onyx_services.TestCodeQuality" name="test_chat_service_model_is_claude_opus_4_6" time="0.000" /></testsuite></testsuites>