<?xml version="1.0" encoding="utf-8"?><testsuites name="pytest tests"><testsuite name="pytest" errors="0" failures="0" skipped="0" tests="69" time="1.700" timestamp="2026-04-10T09:02:41.221366+00:00" hostname="agent-env-37396872-6cd9-49f0-b675-93d2b43162ed"><testcase classname="backend.tests.test_onyx_iteration2.TestToolService" name="test_tool_service_init" time="0.001" /><testcase classname="backend.tests.test_onyx_iteration2.TestToolService" name="test_get_tools_prompt_contains_shell" time="0.000" /><testcase classname="backend.tests.test_onyx_iteration2.TestToolService" name="test_parse_tool_calls_shell" time="0.000" /><testcase classname="backend.tests.test_onyx_iteration2.TestToolService" name="test_parse_tool_calls_read_file" time="0.000" /><testcase classname="backend.tests.test_onyx_iteration2.TestToolService" name="test_parse_tool_calls_write_file" time="0.000" /><testcase classname="backend.tests.test_onyx_iteration2.TestToolService" name="test_parse_tool_calls_list_dir" time="0.000" /><testcase classname="backend.tests.test_onyx_iteration2.TestToolService" name="test_parse_tool_calls_multiple" time="0.000" /><testcase classname="backend.tests.test_onyx_iteration2.TestToolService" name="test_run_shell_executes_command" time="0.002" /><testcase classname="backend.tests.test_onyx_iteration2.TestToolService" name="test_run_shell_captures_stderr" time="0.004" /><testcase classname="backend.tests.test_onyx_iteration2.TestToolService" name="test_run_shell_timeout" time="0.001" /><testcase classname="backend.tests.test_onyx_iteration2.TestToolService" name="test_read_file_existing" time="0.002" /><testcase classname="backend.tests.test_onyx_iteration2.TestToolService" name="test_read_file_not_found" time="0.000" /><testcase classname="backend.tests.test_onyx_iteration2.TestToolService" name="test_write_file_creates_file" time="0.001" /><testcase classname="backend.tests.test_onyx_iteration2.TestToolService" name="test_write_file_creates_parent_dirs" time="0.001" /><testcase classname="backend.tests.test_onyx_iteration2.TestToolService" name="test_list_dir_returns_entries" time="0.001" /><testcase classname="backend.tests.test_onyx_iteration2.TestToolService" name="test_list_dir_not_found" time="0.000" /><testcase classname="backend.tests.test_onyx_iteration2.TestToolService" name="test_strip_tool_tags_removes_tags" time="0.000" /><testcase classname="backend.tests.test_onyx_iteration2.TestChatServiceModels" name="test_anthropic_models_count" time="1.476" /><testcase classname="backend.tests.test_onyx_iteration2.TestChatServiceModels" name="test_anthropic_models_includes_sonnet_4_6" time="0.000" /><testcase classname="backend.tests.test_onyx_iteration2.TestChatServiceModels" name="test_anthropic_models_includes_opus_4_6" time="0.000" /><testcase classname="backend.tests.test_onyx_iteration2.TestChatServiceModels" name="test_anthropic_models_includes_haiku" time="0.000" /><testcase classname="backend.tests.test_onyx_iteration2.TestChatServiceModels" name="test_set_model_changes_model" time="0.004" /><testcase classname="backend.tests.test_onyx_iteration2.TestChatServiceModels" name="test_set_model_persists_to_settings" time="0.002" /><testcase classname="backend.tests.test_onyx_iteration2.TestChatServiceModels" name="test_switch_chat_creates_fresh_session" time="0.000" /><testcase classname="backend.tests.test_onyx_iteration2.TestChatServiceModels" name="test_reload_config_rebuilds_system_message" time="0.000" /><testcase classname="backend.tests.test_onyx_iteration2.TestChatServiceModels" name="test_build_contextual_message_includes_history" time="0.000" /><testcase classname="backend.tests.test_onyx_iteration2.TestChatServiceModels" name="test_build_contextual_message_empty_history" time="0.000" /><testcase classname="backend.tests.test_onyx_iteration2.TestTTSServicePersistence" name="test_tts_enabled_persists_to_settings" time="0.006" /><testcase classname="backend.tests.test_onyx_iteration2.TestTTSServicePersistence" name="test_tts_loads_settings_on_init" time="0.002" /><testcase classname="backend.tests.test_onyx_iteration2.TestVoiceServiceWakeWord" name="test_wake_word_thread_class_exists" time="0.048" /><testcase classname="backend.tests.test_onyx_iteration2.TestVoiceServiceWakeWord" name="test_wake_word_thread_has_signal" time="0.000" /><testcase classname="backend.tests.test_onyx_iteration2.TestVoiceServiceWakeWord" name="test_transcribe_sync_method_exists" time="0.000" /><testcase classname="backend.tests.test_onyx_iteration2.TestStorageServiceSystemMessage" name="test_build_system_message_includes_personality" time="0.048" /><testcase classname="backend.tests.test_onyx_iteration2.TestStorageServiceSystemMessage" name="test_build_system_message_structure" time="0.007" /><testcase classname="backend.tests.test_onyx_iteration2.TestChatWidgetCode" name="test_chat_widget_has_model_combo" time="0.000" /><testcase classname="backend.tests.test_onyx_iteration2.TestChatWidgetCode" name="test_chat_widget_has_tts_checkbox" time="0.000" /><testcase classname="backend.tests.test_onyx_iteration2.TestChatWidgetCode" name="test_chat_widget_has_wake_word_checkbox" time="0.000" /><testcase classname="backend.tests.test_onyx_iteration2.TestChatWidgetCode" name="test_chat_widget_has_attach_button" time="0.000" /><testcase classname="backend.tests.test_onyx_iteration2.TestChatWidgetCode" name="test_chat_widget_has_streaming_timer" time="0.000" /><testcase classname="backend.tests.test_onyx_iteration2.TestChatWidgetCode" name="test_chat_thread_has_tool_output_signal" time="0.000" /><testcase classname="backend.tests.test_onyx_iteration2.TestChatWidgetCode" name="test_chat_widget_has_tool_output_handler" time="0.000" /><testcase classname="backend.tests.test_onyx_iteration2.TestMainWindowCode" name="test_main_window_has_system_tray" time="0.000" /><testcase classname="backend.tests.test_onyx_iteration2.TestMainWindowCode" name="test_main_window_has_compact_toggle" time="0.000" /><testcase classname="backend.tests.test_onyx_iteration2.TestMainWindowCode" name="test_main_window_close_event_minimizes_to_tray" time="0.000" /><testcase classname="backend.tests.test_onyx_iteration2.TestMainWindowCode" name="test_main_window_has_context_menu" time="0.000" /><testcase classname="backend.tests.test_onyx_iteration2.TestStylesCode" name="test_styles_has_user_msg_html" time="0.001" /><testcase classname="backend.tests.test_onyx_iteration2.TestStylesCode" name="test_styles_has_agent_msg_html" time="0.000" /><testcase classname="backend.tests.test_onyx_iteration2.TestStylesCode" name="test_styles_has_tool_msg_html" time="0.000" /><testcase classname="backend.tests.test_onyx_iteration2.TestStylesCode" name="test_styles_has_typing_indicator_html" time="0.000" /><testcase classname="backend.tests.test_onyx_iteration2.TestStylesCode" name="test_styles_has_attachment_html" time="0.000" /><testcase classname="backend.tests.test_onyx_iteration2.TestStylesCode" name="test_user_and_agent_have_distinct_colors" time="0.000" /><testcase classname="backend.tests.test_onyx_iteration2.TestIcon" name="test_svg_icon_exists" time="0.000" /><testcase classname="backend.tests.test_onyx_iteration2.TestIcon" name="test_png_icon_exists" time="0.000" /><testcase classname="backend.tests.test_onyx_iteration2.TestIcon" name="test_svg_has_humanoid_elements" time="0.000" /><testcase classname="backend.tests.test_onyx_iteration2.TestIcon" name="test_svg_has_onyx_branding" time="0.000" /><testcase classname="backend.tests.test_onyx_iteration2.TestSettingsDefaults" name="test_default_model_is_sonnet_4_6" time="0.000" /><testcase classname="backend.tests.test_onyx_iteration2.TestSettingsDefaults" name="test_actual_settings_file_model" time="0.000" /><testcase classname="backend.tests.test_onyx_iteration2.TestConfigFiles" name="test_knowledgebase_exists" time="0.000" /><testcase classname="backend.tests.test_onyx_iteration2.TestConfigFiles" name="test_user_exists" time="0.000" /><testcase classname="backend.tests.test_onyx_iteration2.TestConfigFiles" name="test_instructions_exists" time="0.000" /><testcase classname="backend.tests.test_onyx_iteration2.TestConfigFiles" name="test_personality_exists" time="0.000" /><testcase classname="backend.tests.test_onyx_iteration2.TestConfigFiles" name="test_settings_exists" time="0.000" /><testcase classname="backend.tests.test_onyx_iteration2.TestConfigFiles" name="test_knowledgebase_has_comments" time="0.000" /><testcase classname="backend.tests.test_onyx_iteration2.TestConfigFiles" name="test_user_has_comments" time="0.000" /><testcase classname="backend.tests.test_onyx_iteration2.TestConfigFiles" name="test_instructions_has_comments" time="0.000" /><testcase classname="backend.tests.test_onyx_iteration2.TestSecurityNoPlaceholderKeys" name="test_no_dummy_key_in_code" time="0.001" /><testcase classname="backend.tests.test_onyx_iteration2.TestSecurityNoPlaceholderKeys" name="test_no_placeholder_api_key" time="0.004" /><testcase classname="backend.tests.test_onyx_iteration2.TestSetupShScript" name="test_setup_uses_venv" time="0.000" /><testcase classname="backend.tests.test_onyx_iteration2.TestSetupShScript" name="test_setup_uses_extra_index_url" time="0.000" /></testsuite></testsuites>